[22/Apr/2018:17:34:11 +0530] 0:0:0:0:0:0:0:1 "GET / HTTP/1.1" 200 (3386 ms)
[22/Apr/2018:17:34:15 +0530] 0:0:0:0:0:0:0:1 "GET /VAADIN/vaadinBootstrap.js?v=8.1.7 HTTP/1.1" 304 (498 ms)
[22/Apr/2018:17:34:15 +0530] 0:0:0:0:0:0:0:1 "GET /VAADIN/widgetsets/com.vaadin.DefaultWidgetSet/com.vaadin.DefaultWidgetSet.nocache.js?1524398655339 HTTP/1.1" 200 (26 ms)
[22/Apr/2018:17:34:15 +0530] 0:0:0:0:0:0:0:1 "GET /VAADIN/themes/valo/styles.css?v=8.1.7 HTTP/1.1" 304 (10 ms)
[22/Apr/2018:17:34:16 +0530] 0:0:0:0:0:0:0:1 "GET /VAADIN/themes/valo/shared/img/spinner.gif HTTP/1.1" 304 (15 ms)
[22/Apr/2018:17:34:26 +0530] 0:0:0:0:0:0:0:1 "GET /VAADIN/themes/valo/favicon.ico HTTP/1.1" 200 (195 ms)
[22/Apr/2018:17:34:51 +0530] 0:0:0:0:0:0:0:1 "POST /?v-1524398655340 HTTP/1.1" 200 (36085 ms)
[22/Apr/2018:17:34:51 +0530] 0:0:0:0:0:0:0:1 "GET /VAADIN/themes/valo/fonts/open-sans/OpenSans-Light-webfont.woff HTTP/1.1" 304 (10 ms)
[22/Apr/2018:17:34:52 +0530] 0:0:0:0:0:0:0:1 "POST /vaadinServlet/UIDL/?v-uiId=0 HTTP/1.1" 200 (38 ms)
[22/Apr/2018:17:34:56 +0530] 0:0:0:0:0:0:0:1 "GET /VAADIN/themes/valo/fonts/open-sans/OpenSans-Regular-webfont.woff HTTP/1.1" 304 (24 ms)
[22/Apr/2018:17:34:58 +0530] 0:0:0:0:0:0:0:1 "GET / HTTP/1.1" 200 (56 ms)
[22/Apr/2018:17:34:58 +0530] 0:0:0:0:0:0:0:1 "GET /VAADIN/widgetsets/com.vaadin.DefaultWidgetSet/com.vaadin.DefaultWidgetSet.nocache.js?1524398698385 HTTP/1.1" 200 (22 ms)
[22/Apr/2018:17:34:59 +0530] 0:0:0:0:0:0:0:1 "GET /VAADIN/themes/valo/favicon.ico HTTP/1.1" 200 (5 ms)
[22/Apr/2018:17:35:15 +0530] 0:0:0:0:0:0:0:1 "POST /?v-1524398698386 HTTP/1.1" 200 (17167 ms)
[22/Apr/2018:17:35:16 +0530] 0:0:0:0:0:0:0:1 "POST /vaadinServlet/UIDL/?v-uiId=1 HTTP/1.1" 200 (8 ms)
[22/Apr/2018:17:35:19 +0530] 0:0:0:0:0:0:0:1 "POST /vaadinServlet/UIDL/?v-uiId=1 HTTP/1.1" 200 (57 ms)
[22/Apr/2018:17:35:19 +0530] 0:0:0:0:0:0:0:1 "GET /VAADIN/themes/valo/fonts/themeicons-webfont/themeicons-webfont.woff HTTP/1.1" 304 (6 ms)
[22/Apr/2018:17:35:19 +0530] 0:0:0:0:0:0:0:1 "POST /vaadinServlet/UIDL/?v-uiId=1 HTTP/1.1" 200 (51 ms)
[22/Apr/2018:17:35:22 +0530] 0:0:0:0:0:0:0:1 "POST /vaadinServlet/UIDL/?v-uiId=1 HTTP/1.1" 200 (11 ms)
[22/Apr/2018:17:35:22 +0530] 0:0:0:0:0:0:0:1 "POST /vaadinServlet/UIDL/?v-uiId=1 HTTP/1.1" 200 (32 ms)
[22/Apr/2018:17:35:23 +0530] 0:0:0:0:0:0:0:1 "POST /vaadinServlet/UIDL/?v-uiId=1 HTTP/1.1" 200 (9 ms)
[22/Apr/2018:17:35:23 +0530] 0:0:0:0:0:0:0:1 "POST /vaadinServlet/UIDL/?v-uiId=1 HTTP/1.1" 200 (20 ms)
[22/Apr/2018:17:35:23 +0530] 0:0:0:0:0:0:0:1 "POST /vaadinServlet/UIDL/?v-uiId=1 HTTP/1.1" 200 (8 ms)
[22/Apr/2018:17:35:23 +0530] 0:0:0:0:0:0:0:1 "POST /vaadinServlet/UIDL/?v-uiId=1 HTTP/1.1" 200 (15 ms)
[22/Apr/2018:17:35:33 +0530] 0:0:0:0:0:0:0:1 "POST /vaadinServlet/UIDL/?v-uiId=1 HTTP/1.1" 200 (8 ms)
[22/Apr/2018:17:35:33 +0530] 0:0:0:0:0:0:0:1 "POST /vaadinServlet/UIDL/?v-uiId=1 HTTP/1.1" 200 (23 ms)
[22/Apr/2018:17:35:34 +0530] 0:0:0:0:0:0:0:1 "POST /vaadinServlet/UIDL/?v-uiId=1 HTTP/1.1" 200 (9 ms)
[22/Apr/2018:17:35:34 +0530] 0:0:0:0:0:0:0:1 "POST /vaadinServlet/UIDL/?v-uiId=1 HTTP/1.1" 200 (18 ms)
[22/Apr/2018:17:35:38 +0530] 0:0:0:0:0:0:0:1 "POST /vaadinServlet/UIDL/?v-uiId=1 HTTP/1.1" 200 (8 ms)
[22/Apr/2018:17:35:38 +0530] 0:0:0:0:0:0:0:1 "POST /vaadinServlet/UIDL/?v-uiId=1 HTTP/1.1" 200 (17 ms)
[22/Apr/2018:17:35:52 +0530] 0:0:0:0:0:0:0:1 "POST /vaadinServlet/UIDL/?v-uiId=1 HTTP/1.1" 200 (10 ms)
[22/Apr/2018:17:35:52 +0530] 0:0:0:0:0:0:0:1 "POST /vaadinServlet/UIDL/?v-uiId=1 HTTP/1.1" 200 (15 ms)
[22/Apr/2018:17:35:53 +0530] 0:0:0:0:0:0:0:1 "POST /vaadinServlet/UIDL/?v-uiId=1 HTTP/1.1" 200 (7 ms)
[22/Apr/2018:17:35:53 +0530] 0:0:0:0:0:0:0:1 "POST /vaadinServlet/UIDL/?v-uiId=1 HTTP/1.1" 200 (13 ms)
[22/Apr/2018:17:40:15 +0530] 0:0:0:0:0:0:0:1 "POST /vaadinServlet/HEARTBEAT/?v-uiId=1 HTTP/1.1" 200 (4 ms)
[22/Apr/2018:17:45:16 +0530] 0:0:0:0:0:0:0:1 "POST /vaadinServlet/HEARTBEAT/?v-uiId=1 HTTP/1.1" 200 (4 ms)
[22/Apr/2018:17:50:17 +0530] 0:0:0:0:0:0:0:1 "POST /vaadinServlet/HEARTBEAT/?v-uiId=1 HTTP/1.1" 200 (37 ms)
